            --------------------------------------------------------
                             AMBER SQM VERSION 19
 
                                     By
              Ross C. Walker, Michael F. Crowley, Scott Brozell,
                         Tim Giese, Andreas W. Goetz,
                        Tai-Sung Lee and David A. Case
 
            --------------------------------------------------------
 

--------------------------------------------------------------------------------
  QM CALCULATION INFO
--------------------------------------------------------------------------------

| QMMM: Citation for AMBER QMMM Run:
| QMMM: R.C. Walker, M.F. Crowley and D.A. Case, J. COMP. CHEM. 29:1019, 2008

QMMM: SINGLET STATE CALCULATION
QMMM: RHF CALCULATION, NO. OF DOUBLY OCCUPIED LEVELS = 29

| QMMM: *** Selected Hamiltonian *** 
| QMMM: AM1         

| QMMM: *** Parameter sets in use ***
| QMMM: H : M.J.S.DEWAR et al. JACS, 107, 3902, (1985)
| QMMM: C : M.J.S.DEWAR et al. JACS, 107, 3902, (1985)
| QMMM: O : M.J.S.DEWAR et al. JACS, 107, 3902, (1985)
| QMMM: N : M.J.S.DEWAR et al. JACS, 107, 3902, (1985)

| QMMM: *** SCF convergence criteria ***
| QMMM: Energy change                :  0.1D-09 kcal/mol
| QMMM: Error matrix |FP-PF|         :  0.1D+00 au
| QMMM: Density matrix change        :  0.5D-06
| QMMM: Maximum number of SCF cycles :     1000
 
| QMMM: *** Diagonalization Routine Information ***
| QMMM: Pseudo diagonalizations are allowed.
| QMMM: Auto diagonalization routine selection is in use.
| QMMM:
| QMMM: Timing diagonalization routines:
| QMMM:                              norbs =       52
| QMMM:    diag iterations used for timing =       15
| QMMM:
| QMMM:              Internal diag routine = 0.008970 seconds
| QMMM:                 Dspev diag routine = 0.111005 seconds
| QMMM:                Dspevd diag routine = 0.038496 seconds
| QMMM:                Dspevx diag routine = 0.025015 seconds
| QMMM:                 Dsyev diag routine = 0.005016 seconds
| QMMM:                Dsyevd diag routine = 0.004690 seconds
| QMMM:                Dsyevr diag routine = 0.012523 seconds
| QMMM:
| QMMM:                Pseudo diag routine = 0.013349 seconds
| QMMM: Pseudo diagonalization appears to be slower than regular
| QMMM: diagonalization. Setting pseudo_diag=0 for optimum performance.
| QMMM:
| QMMM: Using dsyevd routine (diag_routine=6).

  QMMM: QM Region Cartesian Coordinates (*=link atom) 
  QMMM: QM_NO.   MM_NO.  ATOM         X         Y         Z
  QMMM:     1        1      H        3.0820    0.6350   -1.3020
  QMMM:     2        2      C        2.7550    1.6180   -0.9000
  QMMM:     3        3      H        2.0930    1.4490   -0.0250
  QMMM:     4        4      H        2.1850    2.1450   -1.6930
  QMMM:     5        5      C        3.9450    2.4300   -0.4810
  QMMM:     6        6      O        4.9770    1.8590   -0.1590
  QMMM:     7        7      N        3.8700    3.7910   -0.4650
  QMMM:     8        8      H        2.9950    4.2410   -0.7770
  QMMM:     9        9      C        5.0050    4.6350   -0.1040
  QMMM:    10       10      H        5.6180    4.1290    0.6740
  QMMM:    11       11      C        5.8860    4.8360   -1.3480
  QMMM:    12       12      H        5.3300    5.3980   -2.1280
  QMMM:    13       13      H        6.8240    5.3730   -1.1020
  QMMM:    14       14      H        6.1890    3.8530   -1.7630
  QMMM:    15       15      C        4.5040    5.9390    0.5140
  QMMM:    16       16      O        3.4200    5.9420    1.0830
  QMMM:    17       17      N        5.2450    7.0850    0.4650
  QMMM:    18       18      H        6.1650    7.0940    0.0080
  QMMM:    19       19      C        4.7740    8.3290    1.0400
  QMMM:    20       20      H        3.6680    8.4120    0.9840
  QMMM:    21       21      H        5.1150    8.4050    2.0930
  QMMM:    22       22      H        5.1980    9.1800    0.4660

--------------------------------------------------------------------------------
  RESULTS
--------------------------------------------------------------------------------

      iter         sqm energy              rms gradient
      ----    -------------------    -----------------------
xmin    10      -85.9567 kcal/mol        0.5177 kcal/(mol*A)
xmin    20      -86.4589 kcal/mol        0.9184 kcal/(mol*A)
xmin    30      -86.9102 kcal/mol        0.2432 kcal/(mol*A)
xmin    40      -87.1070 kcal/mol        0.7876 kcal/(mol*A)
xmin    50      -87.3284 kcal/mol        0.9675 kcal/(mol*A)
xmin    60      -87.5384 kcal/mol        0.3576 kcal/(mol*A)
xmin    70      -87.6548 kcal/mol        0.1834 kcal/(mol*A)
xmin    80      -87.7572 kcal/mol        0.0907 kcal/(mol*A)
xmin    90      -87.8469 kcal/mol        0.3642 kcal/(mol*A)
xmin   100      -87.8865 kcal/mol        0.1740 kcal/(mol*A)
xmin   110      -87.9290 kcal/mol        0.0699 kcal/(mol*A)
xmin   120      -87.9540 kcal/mol        0.0545 kcal/(mol*A)
xmin   130      -87.9868 kcal/mol        0.1003 kcal/(mol*A)
xmin   140      -87.9984 kcal/mol        0.0707 kcal/(mol*A)
xmin   150      -88.0082 kcal/mol        0.0620 kcal/(mol*A)
xmin   160      -88.0204 kcal/mol        0.0501 kcal/(mol*A)
xmin   170      -88.0253 kcal/mol        0.0656 kcal/(mol*A)
xmin   180      -88.0294 kcal/mol        0.1750 kcal/(mol*A)
xmin   190      -88.0328 kcal/mol        0.0235 kcal/(mol*A)
xmin   200      -88.0356 kcal/mol        0.0165 kcal/(mol*A)
xmin   210      -88.0370 kcal/mol        0.0247 kcal/(mol*A)
xmin   220      -88.0378 kcal/mol        0.0262 kcal/(mol*A)
xmin   230      -88.0386 kcal/mol        0.0526 kcal/(mol*A)
xmin   240      -88.0391 kcal/mol        0.0349 kcal/(mol*A)
xmin   250      -88.0395 kcal/mol        0.0072 kcal/(mol*A)
xmin   260      -88.0399 kcal/mol        0.0081 kcal/(mol*A)
xmin   270      -88.0402 kcal/mol        0.0288 kcal/(mol*A)
xmin   280      -88.0409 kcal/mol        0.0177 kcal/(mol*A)
xmin   290      -88.0413 kcal/mol        0.0050 kcal/(mol*A)
xmin   300      -88.0414 kcal/mol        0.0047 kcal/(mol*A)
xmin   310      -88.0416 kcal/mol        0.0065 kcal/(mol*A)
xmin   320      -88.0417 kcal/mol        0.0041 kcal/(mol*A)
xmin   330      -88.0417 kcal/mol        0.0025 kcal/(mol*A)
xmin   340      -88.0418 kcal/mol        0.0071 kcal/(mol*A)
xmin   350      -88.0418 kcal/mol        0.0041 kcal/(mol*A)
xmin   360      -88.0418 kcal/mol        0.0092 kcal/(mol*A)
xmin   370      -88.0418 kcal/mol        0.0068 kcal/(mol*A)
xmin   380      -88.0419 kcal/mol        0.0012 kcal/(mol*A)
xmin   390      -88.0419 kcal/mol        0.0022 kcal/(mol*A)
xmin   390      -88.0419 kcal/mol        0.0005 kcal/(mol*A)
  ... geometry converged !
 
 Final MO eigenvalues (eV):
 -40.4140  -39.0326  -35.9059  -35.3967  -32.3180  -29.7922  -27.7522  -24.2549
 -21.7913  -21.2607  -18.8548  -17.8245  -17.0502  -16.3430  -15.9040  -15.7308
 -14.9455  -14.5671  -14.3131  -13.7945  -13.3368  -13.2175  -13.0544  -13.0297
 -12.5490  -11.2396  -10.9633  -10.1087  -10.0063    1.1336    1.3616    1.8507
   2.1972    3.3232    3.5425    3.7064    3.8804    3.9763    4.0408    4.0538
   4.1958    4.2181    4.4071    4.5072    4.5374    4.7020    5.1507    5.2891
   6.0921    6.1624    6.9132    6.9823

 Heat of formation   =        -88.04187436 kcal/mol  (       -3.81778216 eV)

 Total SCF energy    =     -45868.87004761 kcal/mol  (    -1989.02346158 eV)
 Electronic energy   =    -214936.10172281 kcal/mol  (    -9320.32876817 eV)
 Core-core repulsion =     169067.23167520 kcal/mol  (     7331.30530659 eV)
 
    Atomic Charges for Step       1 :
  Atom    Element       Mulliken Charge
     1      H                  0.117
     2      C                 -0.242
     3      H                  0.103
     4      H                  0.104
     5      C                  0.301
     6      O                 -0.371
     7      N                 -0.363
     8      H                  0.234
     9      C                  0.007
    10      H                  0.136
    11      C                 -0.220
    12      H                  0.093
    13      H                  0.085
    14      H                  0.094
    15      C                  0.274
    16      O                 -0.380
    17      N                 -0.376
    18      H                  0.227
    19      C                 -0.079
    20      H                  0.117
    21      H                  0.067
    22      H                  0.071
 Total Mulliken Charge =       0.000
 
                  X        Y        Z     TOTAL  
  QM DIPOLE     0.412    0.728   -0.622    1.043
 
 Final Structure

  QMMM: QM Region Cartesian Coordinates (*=link atom) 
  QMMM: QM_NO.   MM_NO.  ATOM         X         Y         Z
  QMMM:     1        1      H        3.2075    0.6841    0.2108
  QMMM:     2        2      C        2.9368    1.6244   -0.3283
  QMMM:     3        3      H        2.0489    2.0861    0.1673
  QMMM:     4        4      H        2.6767    1.3758   -1.3854
  QMMM:     5        5      C        4.1142    2.5660   -0.2799
  QMMM:     6        6      O        5.1791    2.2557    0.2901
  QMMM:     7        7      N        3.9812    3.7761   -0.9465
  QMMM:     8        8      H        3.0708    4.0735   -1.2170
  QMMM:     9        9      C        4.9663    4.8209   -0.8227
  QMMM:    10       10      H        5.8895    4.3648   -0.3494
  QMMM:    11       11      C        5.3582    5.4316   -2.1695
  QMMM:    12       12      H        4.4792    5.9143   -2.6600
  QMMM:    13       13      H        6.1458    6.2046   -2.0015
  QMMM:    14       14      H        5.7639    4.6450   -2.8495
  QMMM:    15       15      C        4.4379    5.9867    0.0556
  QMMM:    16       16      O        3.2413    6.3374    0.0044
  QMMM:    17       17      N        5.3536    6.6369    0.8495
  QMMM:    18       18      H        6.2740    6.2749    0.9192
  QMMM:    19       19      C        4.9993    7.7110    1.7220
  QMMM:    20       20      H        3.9449    8.0410    1.5205
  QMMM:    21       21      H        5.0797    7.3895    2.7961
  QMMM:    22       22      H        5.6942    8.5776    1.5543
 
           --------- Calculation Completed ----------
 
